mapsforge-samples-android/build/intermediates/manifest_merge_blame_file/debug/manifest-merger-blame-debug-report.txt
1<?xml version="1.0" encoding="utf-8"?>
2<manifest xmlns:android="http://schemas.android.com/apk/res/android"
3    package="org.mapsforge.samples.android"
4    android:installLocation="auto"
5    android:versionCode="1"
6    android:versionName="master-SNAPSHOT" >
7
8    <uses-sdk
9        android:minSdkVersion="16"
9-->Toilet-in-Istanbul/mapsforge-samples-android/AndroidManifest.xml
10        android:targetSdkVersion="29" />
10-->Toilet-in-Istanbul/mapsforge-samples-android/AndroidManifest.xml
11
12    <uses-permission android:name="android.permission.ACCESS_FINE_LOCATION" />
12-->Toilet-in-Istanbul/mapsforge-samples-android/AndroidManifest.xml:8:5-79
12-->Toilet-in-Istanbul/mapsforge-samples-android/AndroidManifest.xml:8:22-76
13    <uses-permission android:name="android.permission.INTERNET" />
13-->Toilet-in-Istanbul/mapsforge-samples-android/AndroidManifest.xml:9:5-67
13-->Toilet-in-Istanbul/mapsforge-samples-android/AndroidManifest.xml:9:22-64
14    <!-- Write permission needed only for DownloadManager -->
15    <uses-permission
15-->Toilet-in-Istanbul/mapsforge-samples-android/AndroidManifest.xml:11:5-13:38
16        android:name="android.permission.WRITE_EXTERNAL_STORAGE"
16-->Toilet-in-Istanbul/mapsforge-samples-android/AndroidManifest.xml:12:9-65
17        android:maxSdkVersion="18" />
17-->Toilet-in-Istanbul/mapsforge-samples-android/AndroidManifest.xml:13:9-35
18
19    <application
19-->Toilet-in-Istanbul/mapsforge-samples-android/AndroidManifest.xml:15:5-139:19
20        android:name="org.mapsforge.samples.android.SamplesApplication"
20-->Toilet-in-Istanbul/mapsforge-samples-android/AndroidManifest.xml:16:9-43
21        android:allowBackup="true"
21-->Toilet-in-Istanbul/mapsforge-samples-android/AndroidManifest.xml:17:9-35
22        android:appComponentFactory="androidx.core.app.CoreComponentFactory"
22-->[androidx.core:core:1.1.0] AndroidManifest.xml:24:18-86
23        android:debuggable="true"
24        android:icon="@mipmap/ic_launcher"
24-->Toilet-in-Istanbul/mapsforge-samples-android/AndroidManifest.xml:18:9-43
25        android:label="Mapsforge Samples"
25-->Toilet-in-Istanbul/mapsforge-samples-android/AndroidManifest.xml:19:9-42
26        android:testOnly="true"
27        android:usesCleartextTraffic="true" >
27-->Toilet-in-Istanbul/mapsforge-samples-android/AndroidManifest.xml:20:9-44
28        <activity
28-->Toilet-in-Istanbul/mapsforge-samples-android/AndroidManifest.xml:21:9-44:20
29            android:name="org.mapsforge.samples.android.Samples"
29-->Toilet-in-Istanbul/mapsforge-samples-android/AndroidManifest.xml:22:13-36
30            android:configChanges="keyboardHidden|orientation|screenSize" >
30-->Toilet-in-Istanbul/mapsforge-samples-android/AndroidManifest.xml:23:13-74
31            <intent-filter>
31-->Toilet-in-Istanbul/mapsforge-samples-android/AndroidManifest.xml:24:13-29:29
32                <action android:name="android.intent.action.MAIN" />
32-->Toilet-in-Istanbul/mapsforge-samples-android/AndroidManifest.xml:25:17-69
32-->Toilet-in-Istanbul/mapsforge-samples-android/AndroidManifest.xml:25:25-66
33
34                <category android:name="android.intent.category.LAUNCHER" />
34-->Toilet-in-Istanbul/mapsforge-samples-android/AndroidManifest.xml:27:17-77
34-->Toilet-in-Istanbul/mapsforge-samples-android/AndroidManifest.xml:27:27-74
35            </intent-filter>
36            <intent-filter>
36-->Toilet-in-Istanbul/mapsforge-samples-android/AndroidManifest.xml:30:13-43:29
37
38                <!--
39                Support URIs like "mapsforgesamples://?activity=DefaultTheme&mapdir=/path/to/my/maps&mapfile=my.map".
40                Provide custom defaults for SamplesBaseActivity and/or directly jump into an activity.
41                Serves as a substitute for command line arguments for easy launches during development.
42                If it does not work, check if your IDE (or other tooling) requires you escape the & characters as \&.
43                -->
44                <action android:name="android.intent.action.VIEW" />
44-->Toilet-in-Istanbul/mapsforge-samples-android/AndroidManifest.xml:37:17-69
44-->Toilet-in-Istanbul/mapsforge-samples-android/AndroidManifest.xml:37:25-66
45
46                <category android:name="android.intent.category.BROWSABLE" />
46-->Toilet-in-Istanbul/mapsforge-samples-android/AndroidManifest.xml:39:17-78
46-->Toilet-in-Istanbul/mapsforge-samples-android/AndroidManifest.xml:39:27-75
47                <category android:name="android.intent.category.DEFAULT" />
47-->Toilet-in-Istanbul/mapsforge-samples-android/AndroidManifest.xml:40:17-76
47-->Toilet-in-Istanbul/mapsforge-samples-android/AndroidManifest.xml:40:27-73
48
49                <data android:scheme="mapsforgesamples" />
49-->Toilet-in-Istanbul/mapsforge-samples-android/AndroidManifest.xml:42:17-59
49-->Toilet-in-Istanbul/mapsforge-samples-android/AndroidManifest.xml:42:23-56
50            </intent-filter>
51        </activity>
52        <activity
52-->Toilet-in-Istanbul/mapsforge-samples-android/AndroidManifest.xml:45:9-47:77
53            android:name="org.mapsforge.samples.android.BubbleOverlay"
53-->Toilet-in-Istanbul/mapsforge-samples-android/AndroidManifest.xml:46:13-42
54            android:configChanges="keyboardHidden|orientation|screenSize" />
54-->Toilet-in-Istanbul/mapsforge-samples-android/AndroidManifest.xml:47:13-74
55        <activity
55-->Toilet-in-Istanbul/mapsforge-samples-android/AndroidManifest.xml:48:9-50:77
56            android:name="org.mapsforge.samples.android.ClusterMapActivity"
56-->Toilet-in-Istanbul/mapsforge-samples-android/AndroidManifest.xml:49:13-47
57            android:configChanges="keyboardHidden|orientation|screenSize" />
57-->Toilet-in-Istanbul/mapsforge-samples-android/AndroidManifest.xml:50:13-74
58        <activity
58-->Toilet-in-Istanbul/mapsforge-samples-android/AndroidManifest.xml:51:9-53:77
59            android:name="org.mapsforge.samples.android.DiagnosticsMapViewer"
59-->Toilet-in-Istanbul/mapsforge-samples-android/AndroidManifest.xml:52:13-49
60            android:configChanges="keyboardHidden|orientation|screenSize" />
60-->Toilet-in-Istanbul/mapsforge-samples-android/AndroidManifest.xml:53:13-74
61        <activity
61-->Toilet-in-Istanbul/mapsforge-samples-android/AndroidManifest.xml:54:9-56:77
62            android:name="org.mapsforge.samples.android.DownloadCustomLayerViewer"
62-->Toilet-in-Istanbul/mapsforge-samples-android/AndroidManifest.xml:55:13-54
63            android:configChanges="keyboardHidden|orientation|screenSize" />
63-->Toilet-in-Istanbul/mapsforge-samples-android/AndroidManifest.xml:56:13-74
64        <activity
64-->Toilet-in-Istanbul/mapsforge-samples-android/AndroidManifest.xml:57:9-59:77
65            android:name="org.mapsforge.samples.android.DownloadLayerViewer"
65-->Toilet-in-Istanbul/mapsforge-samples-android/AndroidManifest.xml:58:13-48
66            android:configChanges="keyboardHidden|orientation|screenSize" />
66-->Toilet-in-Istanbul/mapsforge-samples-android/AndroidManifest.xml:59:13-74
67        <activity
67-->Toilet-in-Istanbul/mapsforge-samples-android/AndroidManifest.xml:60:9-62:77
68            android:name="org.mapsforge.samples.android.DualMapViewer"
68-->Toilet-in-Istanbul/mapsforge-samples-android/AndroidManifest.xml:61:13-42
69            android:configChanges="keyboardHidden|orientation|screenSize" />
69-->Toilet-in-Istanbul/mapsforge-samples-android/AndroidManifest.xml:62:13-74
70        <activity
70-->Toilet-in-Istanbul/mapsforge-samples-android/AndroidManifest.xml:63:9-65:77
71            android:name="org.mapsforge.samples.android.DualOverviewMapViewer"
71-->Toilet-in-Istanbul/mapsforge-samples-android/AndroidManifest.xml:64:13-50
72            android:configChanges="keyboardHidden|orientation|screenSize" />
72-->Toilet-in-Istanbul/mapsforge-samples-android/AndroidManifest.xml:65:13-74
73        <activity
73-->Toilet-in-Istanbul/mapsforge-samples-android/AndroidManifest.xml:66:9-68:77
74            android:name="org.mapsforge.samples.android.GettingStarted"
74-->Toilet-in-Istanbul/mapsforge-samples-android/AndroidManifest.xml:67:13-43
75            android:configChanges="keyboardHidden|orientation|screenSize" />
75-->Toilet-in-Istanbul/mapsforge-samples-android/AndroidManifest.xml:68:13-74
76        <activity
76-->Toilet-in-Istanbul/mapsforge-samples-android/AndroidManifest.xml:69:9-71:77
77            android:name="org.mapsforge.samples.android.GroupMarkerExample"
77-->Toilet-in-Istanbul/mapsforge-samples-android/AndroidManifest.xml:70:13-47
78            android:configChanges="keyboardHidden|orientation|screenSize" />
78-->Toilet-in-Istanbul/mapsforge-samples-android/AndroidManifest.xml:71:13-74
79        <activity
79-->Toilet-in-Istanbul/mapsforge-samples-android/AndroidManifest.xml:72:9-74:77
80            android:name="org.mapsforge.samples.android.HillshadingMapViewer"
80-->Toilet-in-Istanbul/mapsforge-samples-android/AndroidManifest.xml:73:13-49
81            android:configChanges="keyboardHidden|orientation|screenSize" />
81-->Toilet-in-Istanbul/mapsforge-samples-android/AndroidManifest.xml:74:13-74
82        <activity
82-->Toilet-in-Istanbul/mapsforge-samples-android/AndroidManifest.xml:75:9-81:20
83            android:name="org.mapsforge.samples.android.ItemDetailActivity"
83-->Toilet-in-Istanbul/mapsforge-samples-android/AndroidManifest.xml:76:13-47
84            android:configChanges="keyboardHidden|orientation|screenSize" >
84-->Toilet-in-Istanbul/mapsforge-samples-android/AndroidManifest.xml:77:13-74
85            <meta-data
85-->Toilet-in-Istanbul/mapsforge-samples-android/AndroidManifest.xml:78:13-80:53
86                android:name="android.support.PARENT_ACTIVITY"
86-->Toilet-in-Istanbul/mapsforge-samples-android/AndroidManifest.xml:79:17-63
87                android:value=".ItemListActivity" />
87-->Toilet-in-Istanbul/mapsforge-samples-android/AndroidManifest.xml:80:17-50
88        </activity>
89        <activity
89-->Toilet-in-Istanbul/mapsforge-samples-android/AndroidManifest.xml:82:9-88:20
90            android:name="org.mapsforge.samples.android.ItemListActivity"
90-->Toilet-in-Istanbul/mapsforge-samples-android/AndroidManifest.xml:83:13-45
91            android:configChanges="keyboardHidden|orientation|screenSize" >
91-->Toilet-in-Istanbul/mapsforge-samples-android/AndroidManifest.xml:84:13-74
92            <meta-data
92-->Toilet-in-Istanbul/mapsforge-samples-android/AndroidManifest.xml:78:13-80:53
93                android:name="android.support.PARENT_ACTIVITY"
93-->Toilet-in-Istanbul/mapsforge-samples-android/AndroidManifest.xml:79:17-63
94                android:value=".Samples" />
94-->Toilet-in-Istanbul/mapsforge-samples-android/AndroidManifest.xml:80:17-50
95        </activity>
96        <activity
96-->Toilet-in-Istanbul/mapsforge-samples-android/AndroidManifest.xml:89:9-91:77
97            android:name="org.mapsforge.samples.android.LabelLayerUsingLabelCacheMapViewer"
97-->Toilet-in-Istanbul/mapsforge-samples-android/AndroidManifest.xml:90:13-63
98            android:configChanges="keyboardHidden|orientation|screenSize" />
98-->Toilet-in-Istanbul/mapsforge-samples-android/AndroidManifest.xml:91:13-74
99        <activity
99-->Toilet-in-Istanbul/mapsforge-samples-android/AndroidManifest.xml:92:9-94:77
100            android:name="org.mapsforge.samples.android.LabelLayerUsingMapDataStoreMapViewer"
100-->Toilet-in-Istanbul/mapsforge-samples-android/AndroidManifest.xml:93:13-65
101            android:configChanges="keyboardHidden|orientation|screenSize" />
101-->Toilet-in-Istanbul/mapsforge-samples-android/AndroidManifest.xml:94:13-74
102        <activity
102-->Toilet-in-Istanbul/mapsforge-samples-android/AndroidManifest.xml:95:9-97:77
103            android:name="org.mapsforge.samples.android.LocationOverlayMapViewer"
103-->Toilet-in-Istanbul/mapsforge-samples-android/AndroidManifest.xml:96:13-53
104            android:configChanges="keyboardHidden|orientation|screenSize" />
104-->Toilet-in-Istanbul/mapsforge-samples-android/AndroidManifest.xml:97:13-74
105        <activity
105-->Toilet-in-Istanbul/mapsforge-samples-android/AndroidManifest.xml:98:9-100:77
106            android:name="org.mapsforge.samples.android.LongPressAction"
106-->Toilet-in-Istanbul/mapsforge-samples-android/AndroidManifest.xml:99:13-44
107            android:configChanges="keyboardHidden|orientation|screenSize" />
107-->Toilet-in-Istanbul/mapsforge-samples-android/AndroidManifest.xml:100:13-74
108        <activity
108-->Toilet-in-Istanbul/mapsforge-samples-android/AndroidManifest.xml:101:9-103:77
109            android:name="org.mapsforge.samples.android.MultiLingualMapViewer"
109-->Toilet-in-Istanbul/mapsforge-samples-android/AndroidManifest.xml:102:13-50
110            android:configChanges="keyboardHidden|orientation|screenSize" />
110-->Toilet-in-Istanbul/mapsforge-samples-android/AndroidManifest.xml:103:13-74
111        <activity
111-->Toilet-in-Istanbul/mapsforge-samples-android/AndroidManifest.xml:104:9-106:77
112            android:name="org.mapsforge.samples.android.MultiMapLowResWorld"
112-->Toilet-in-Istanbul/mapsforge-samples-android/AndroidManifest.xml:105:13-48
113            android:configChanges="keyboardHidden|orientation|screenSize" />
113-->Toilet-in-Istanbul/mapsforge-samples-android/AndroidManifest.xml:106:13-74
114        <activity
114-->Toilet-in-Istanbul/mapsforge-samples-android/AndroidManifest.xml:107:9-109:77
115            android:name="org.mapsforge.samples.android.OverlayMapViewer"
115-->Toilet-in-Istanbul/mapsforge-samples-android/AndroidManifest.xml:108:13-45
116            android:configChanges="keyboardHidden|orientation|screenSize" />
116-->Toilet-in-Istanbul/mapsforge-samples-android/AndroidManifest.xml:109:13-74
117        <activity
117-->Toilet-in-Istanbul/mapsforge-samples-android/AndroidManifest.xml:110:9-112:77
118            android:name="org.mapsforge.samples.android.PoiSearchViewer"
118-->Toilet-in-Istanbul/mapsforge-samples-android/AndroidManifest.xml:111:13-44
119            android:configChanges="keyboardHidden|orientation|screenSize" />
119-->Toilet-in-Istanbul/mapsforge-samples-android/AndroidManifest.xml:112:13-74
120        <activity
120-->Toilet-in-Istanbul/mapsforge-samples-android/AndroidManifest.xml:113:9-115:77
121            android:name="org.mapsforge.samples.android.ReverseGeocodeViewer"
121-->Toilet-in-Istanbul/mapsforge-samples-android/AndroidManifest.xml:114:13-49
122            android:configChanges="keyboardHidden|orientation|screenSize" />
122-->Toilet-in-Istanbul/mapsforge-samples-android/AndroidManifest.xml:115:13-74
123        <activity
123-->Toilet-in-Istanbul/mapsforge-samples-android/AndroidManifest.xml:116:9-118:77
124            android:name="org.mapsforge.samples.android.RotateMapViewer"
124-->Toilet-in-Istanbul/mapsforge-samples-android/AndroidManifest.xml:117:13-44
125            android:configChanges="keyboardHidden|orientation|screenSize" />
125-->Toilet-in-Istanbul/mapsforge-samples-android/AndroidManifest.xml:118:13-74
126        <activity
126-->Toilet-in-Istanbul/mapsforge-samples-android/AndroidManifest.xml:119:9-121:77
127            android:name="org.mapsforge.samples.android.SimplestMapViewer"
127-->Toilet-in-Istanbul/mapsforge-samples-android/AndroidManifest.xml:120:13-46
128            android:configChanges="keyboardHidden|orientation|screenSize" />
128-->Toilet-in-Istanbul/mapsforge-samples-android/AndroidManifest.xml:121:13-74
129        <activity
129-->Toilet-in-Istanbul/mapsforge-samples-android/AndroidManifest.xml:122:9-124:77
130            android:name="org.mapsforge.samples.android.StyleMenuMapViewer"
130-->Toilet-in-Istanbul/mapsforge-samples-android/AndroidManifest.xml:123:13-47
131            android:configChanges="keyboardHidden|orientation|screenSize" />
131-->Toilet-in-Istanbul/mapsforge-samples-android/AndroidManifest.xml:124:13-74
132        <activity
132-->Toilet-in-Istanbul/mapsforge-samples-android/AndroidManifest.xml:125:9-127:77
133            android:name="org.mapsforge.samples.android.TileStoreLayerViewer"
133-->Toilet-in-Istanbul/mapsforge-samples-android/AndroidManifest.xml:126:13-49
134            android:configChanges="keyboardHidden|orientation|screenSize" />
134-->Toilet-in-Istanbul/mapsforge-samples-android/AndroidManifest.xml:127:13-74
135        <activity
135-->Toilet-in-Istanbul/mapsforge-samples-android/AndroidManifest.xml:128:9-130:77
136            android:name="org.mapsforge.samples.android.ViewOverlayViewer"
136-->Toilet-in-Istanbul/mapsforge-samples-android/AndroidManifest.xml:129:13-46
137            android:configChanges="keyboardHidden|orientation|screenSize" />
137-->Toilet-in-Istanbul/mapsforge-samples-android/AndroidManifest.xml:130:13-74
138        <activity
138-->Toilet-in-Istanbul/mapsforge-samples-android/AndroidManifest.xml:131:9-138:20
139            android:name="org.mapsforge.samples.android.Settings"
139-->Toilet-in-Istanbul/mapsforge-samples-android/AndroidManifest.xml:132:13-37
140            android:configChanges="keyboardHidden|orientation|screenSize"
140-->Toilet-in-Istanbul/mapsforge-samples-android/AndroidManifest.xml:133:13-74
141            android:label="Settings" >
141-->Toilet-in-Istanbul/mapsforge-samples-android/AndroidManifest.xml:134:13-37
142            <meta-data
142-->Toilet-in-Istanbul/mapsforge-samples-android/AndroidManifest.xml:78:13-80:53
143                android:name="android.support.PARENT_ACTIVITY"
143-->Toilet-in-Istanbul/mapsforge-samples-android/AndroidManifest.xml:79:17-63
144                android:value=".Samples" />
144-->Toilet-in-Istanbul/mapsforge-samples-android/AndroidManifest.xml:80:17-50
145        </activity>
146    </application>
147
148</manifest>